{"C:\\Users\\gorel\\Documents\\Personales\\sgm\\sgm-monorepo\\apps\\api\\src\\auth\\auth.service.ts": {"path":"C:\\Users\\gorel\\Documents\\Personales\\sgm\\sgm-monorepo\\apps\\api\\src\\auth\\auth.service.ts","statementMap":{"0":{"start":{"line":1,"column":0},"end":{"line":1,"column":65}},"1":{"start":{"line":2,"column":0},"end":{"line":2,"column":47}},"2":{"start":{"line":3,"column":0},"end":{"line":3,"column":33}},"3":{"start":{"line":5,"column":0},"end":{"line":5,"column":35}},"4":{"start":{"line":6,"column":0},"end":{"line":6,"column":58}},"5":{"start":{"line":7,"column":0},"end":{"line":7,"column":41}},"6":{"start":{"line":10,"column":7},"end":{"line":68,"column":null}},"7":{"start":{"line":12,"column":33},"end":{"line":12,"column":44}},"8":{"start":{"line":13,"column":12},"end":{"line":13,"column":25}},"9":{"start":{"line":14,"column":12},"end":{"line":14,"column":24}},"10":{"start":{"line":18,"column":21},"end":{"line":18,"column":112}},"11":{"start":{"line":19,"column":4},"end":{"line":19,"column":71}},"12":{"start":{"line":19,"column":18},"end":{"line":19,"column":71}},"13":{"start":{"line":21,"column":20},"end":{"line":21,"column":78}},"14":{"start":{"line":24,"column":24},"end":{"line":26,"column":null}},"15":{"start":{"line":29,"column":27},"end":{"line":29,"column":112}},"16":{"start":{"line":31,"column":4},"end":{"line":31,"column":118}},"17":{"start":{"line":33,"column":4},"end":{"line":33,"column":24}},"18":{"start":{"line":37,"column":4},"end":{"line":54,"column":5}},"19":{"start":{"line":38,"column":22},"end":{"line":38,"column":120}},"20":{"start":{"line":39,"column":6},"end":{"line":39,"column":104}},"21":{"start":{"line":39,"column":57},"end":{"line":39,"column":104}},"22":{"start":{"line":41,"column":19},"end":{"line":41,"column":68}},"23":{"start":{"line":42,"column":6},"end":{"line":42,"column":65}},"24":{"start":{"line":42,"column":17},"end":{"line":42,"column":65}},"25":{"start":{"line":44,"column":19},"end":{"line":44,"column":50}},"26":{"start":{"line":45,"column":6},"end":{"line":45,"column":31}},"27":{"start":{"line":46,"column":6},"end":{"line":46,"column":25}},"28":{"start":{"line":47,"column":6},"end":{"line":47,"column":24}},"29":{"start":{"line":49,"column":21},"end":{"line":49,"column":101}},"30":{"start":{"line":51,"column":6},"end":{"line":51,"column":37}},"31":{"start":{"line":53,"column":6},"end":{"line":53,"column":64}},"32":{"start":{"line":58,"column":17},"end":{"line":58,"column":74}},"33":{"start":{"line":59,"column":4},"end":{"line":59,"column":90}},"34":{"start":{"line":59,"column":37},"end":{"line":59,"column":90}},"35":{"start":{"line":61,"column":15},"end":{"line":61,"column":64}},"36":{"start":{"line":62,"column":4},"end":{"line":62,"column":66}},"37":{"start":{"line":62,"column":13},"end":{"line":62,"column":66}},"38":{"start":{"line":64,"column":19},"end":{"line":64,"column":80}},"39":{"start":{"line":66,"column":4},"end":{"line":66,"column":35}},"40":{"start":{"line":10,"column":13},"end":{"line":10,"column":24}},"41":{"start":{"line":10,"column":13},"end":{"line":68,"column":null}}},"fnMap":{"0":{"name":"(anonymous_13)","decl":{"start":{"line":11,"column":2},"end":{"line":11,"column":null}},"loc":{"start":{"line":14,"column":34},"end":{"line":15,"column":6}}},"1":{"name":"(anonymous_14)","decl":{"start":{"line":17,"column":2},"end":{"line":17,"column":7}},"loc":{"start":{"line":17,"column":77},"end":{"line":34,"column":3}}},"2":{"name":"(anonymous_15)","decl":{"start":{"line":36,"column":2},"end":{"line":36,"column":7}},"loc":{"start":{"line":36,"column":51},"end":{"line":55,"column":3}}},"3":{"name":"(anonymous_16)","decl":{"start":{"line":57,"column":2},"end":{"line":57,"column":7}},"loc":{"start":{"line":57,"column":64},"end":{"line":67,"column":3}}}},"branchMap":{"0":{"loc":{"start":{"line":19,"column":4},"end":{"line":19,"column":71}},"type":"if","locations":[{"start":{"line":19,"column":4},"end":{"line":19,"column":71}}]},"1":{"loc":{"start":{"line":26,"column":16},"end":{"line":26,"column":64}},"type":"binary-expr","locations":[{"start":{"line":26,"column":16},"end":{"line":26,"column":45}},{"start":{"line":26,"column":49},"end":{"line":26,"column":64}}]},"2":{"loc":{"start":{"line":29,"column":30},"end":{"line":29,"column":76}},"type":"binary-expr","locations":[{"start":{"line":29,"column":30},"end":{"line":29,"column":49}},{"start":{"line":29,"column":53},"end":{"line":29,"column":76}}]},"3":{"loc":{"start":{"line":38,"column":62},"end":{"line":38,"column":110}},"type":"binary-expr","locations":[{"start":{"line":38,"column":62},"end":{"line":38,"column":91}},{"start":{"line":38,"column":95},"end":{"line":38,"column":110}}]},"4":{"loc":{"start":{"line":39,"column":6},"end":{"line":39,"column":104}},"type":"if","locations":[{"start":{"line":39,"column":6},"end":{"line":39,"column":104}}]},"5":{"loc":{"start":{"line":39,"column":10},"end":{"line":39,"column":55}},"type":"binary-expr","locations":[{"start":{"line":39,"column":10},"end":{"line":39,"column":18}},{"start":{"line":39,"column":22},"end":{"line":39,"column":55}}]},"6":{"loc":{"start":{"line":42,"column":6},"end":{"line":42,"column":65}},"type":"if","locations":[{"start":{"line":42,"column":6},"end":{"line":42,"column":65}}]},"7":{"loc":{"start":{"line":59,"column":4},"end":{"line":59,"column":90}},"type":"if","locations":[{"start":{"line":59,"column":4},"end":{"line":59,"column":90}}]},"8":{"loc":{"start":{"line":59,"column":8},"end":{"line":59,"column":35}},"type":"binary-expr","locations":[{"start":{"line":59,"column":8},"end":{"line":59,"column":13}},{"start":{"line":59,"column":17},"end":{"line":59,"column":35}}]},"9":{"loc":{"start":{"line":62,"column":4},"end":{"line":62,"column":66}},"type":"if","locations":[{"start":{"line":62,"column":4},"end":{"line":62,"column":66}}]}},"s":{"0":1,"1":1,"2":1,"3":1,"4":1,"5":1,"6":1,"7":4,"8":4,"9":4,"10":2,"11":2,"12":1,"13":1,"14":1,"15":1,"16":1,"17":1,"18":1,"19":1,"20":1,"21":0,"22":1,"23":1,"24":0,"25":1,"26":1,"27":1,"28":1,"29":1,"30":1,"31":0,"32":1,"33":1,"34":0,"35":1,"36":1,"37":0,"38":1,"39":1,"40":1,"41":1},"f":{"0":4,"1":2,"2":1,"3":1},"b":{"0":[1],"1":[1,1],"2":[1,1],"3":[1,1],"4":[0],"5":[1,1],"6":[0],"7":[0],"8":[1,1],"9":[0]}}
,"C:\\Users\\gorel\\Documents\\Personales\\sgm\\sgm-monorepo\\apps\\api\\src\\auth\\jwt-auth.guard.ts": {"path":"C:\\Users\\gorel\\Documents\\Personales\\sgm\\sgm-monorepo\\apps\\api\\src\\auth\\jwt-auth.guard.ts","statementMap":{"0":{"start":{"line":1,"column":0},"end":{"line":1,"column":44}},"1":{"start":{"line":2,"column":0},"end":{"line":2,"column":45}},"2":{"start":{"line":5,"column":7},"end":{"line":5,"column":null}},"3":{"start":{"line":5,"column":13},"end":{"line":5,"column":25}},"4":{"start":{"line":5,"column":13},"end":{"line":5,"column":null}}},"fnMap":{},"branchMap":{},"s":{"0":1,"1":1,"2":1,"3":1,"4":1},"f":{},"b":{}}
,"C:\\Users\\gorel\\Documents\\Personales\\sgm\\sgm-monorepo\\apps\\api\\src\\common\\mail\\mail.service.ts": {"path":"C:\\Users\\gorel\\Documents\\Personales\\sgm\\sgm-monorepo\\apps\\api\\src\\common\\mail\\mail.service.ts","statementMap":{"0":{"start":{"line":1,"column":0},"end":{"line":1,"column":44}},"1":{"start":{"line":2,"column":0},"end":{"line":2,"column":25}},"2":{"start":{"line":3,"column":0},"end":{"line":3,"column":29}},"3":{"start":{"line":6,"column":7},"end":{"line":35,"column":null}},"4":{"start":{"line":8,"column":20},"end":{"line":8,"column":48}},"5":{"start":{"line":9,"column":4},"end":{"line":16,"column":5}},"6":{"start":{"line":10,"column":21},"end":{"line":10,"column":65}},"7":{"start":{"line":11,"column":6},"end":{"line":11,"column":48}},"8":{"start":{"line":12,"column":23},"end":{"line":12,"column":90}},"9":{"start":{"line":13,"column":22},"end":{"line":13,"column":164}},"10":{"start":{"line":14,"column":6},"end":{"line":14,"column":75}},"11":{"start":{"line":15,"column":6},"end":{"line":15,"column":45}},"12":{"start":{"line":19,"column":4},"end":{"line":33,"column":5}},"13":{"start":{"line":22,"column":22},"end":{"line":22,"column":120}},"14":{"start":{"line":23,"column":19},"end":{"line":28,"column":8}},"15":{"start":{"line":29,"column":6},"end":{"line":29,"column":42}},"16":{"start":{"line":30,"column":6},"end":{"line":30,"column":26}},"17":{"start":{"line":32,"column":6},"end":{"line":32,"column":47}},"18":{"start":{"line":6,"column":13},"end":{"line":6,"column":24}},"19":{"start":{"line":6,"column":13},"end":{"line":35,"column":null}}},"fnMap":{"0":{"name":"(anonymous_10)","decl":{"start":{"line":7,"column":2},"end":{"line":7,"column":7}},"loc":{"start":{"line":7,"column":85},"end":{"line":34,"column":3}}}},"branchMap":{"0":{"loc":{"start":{"line":9,"column":4},"end":{"line":16,"column":5}},"type":"if","locations":[{"start":{"line":9,"column":4},"end":{"line":16,"column":5}}]},"1":{"loc":{"start":{"line":13,"column":84},"end":{"line":13,"column":102}},"type":"binary-expr","locations":[{"start":{"line":13,"column":84},"end":{"line":13,"column":96}},{"start":{"line":13,"column":100},"end":{"line":13,"column":102}}]},"2":{"loc":{"start":{"line":27,"column":22},"end":{"line":27,"column":40}},"type":"binary-expr","locations":[{"start":{"line":27,"column":22},"end":{"line":27,"column":34}},{"start":{"line":27,"column":38},"end":{"line":27,"column":40}}]}},"s":{"0":1,"1":1,"2":1,"3":1,"4":0,"5":0,"6":0,"7":0,"8":0,"9":0,"10":0,"11":0,"12":0,"13":0,"14":0,"15":0,"16":0,"17":0,"18":1,"19":1},"f":{"0":0},"b":{"0":[0],"1":[0,0],"2":[0,0]}}
,"C:\\Users\\gorel\\Documents\\Personales\\sgm\\sgm-monorepo\\apps\\api\\src\\machines\\machines.controller.ts": {"path":"C:\\Users\\gorel\\Documents\\Personales\\sgm\\sgm-monorepo\\apps\\api\\src\\machines\\machines.controller.ts","statementMap":{"0":{"start":{"line":1,"column":0},"end":{"line":1,"column":104}},"1":{"start":{"line":2,"column":0},"end":{"line":2,"column":53}},"2":{"start":{"line":3,"column":0},"end":{"line":3,"column":60}},"3":{"start":{"line":4,"column":0},"end":{"line":4,"column":60}},"4":{"start":{"line":5,"column":0},"end":{"line":5,"column":54}},"5":{"start":{"line":9,"column":7},"end":{"line":36,"column":null}},"6":{"start":{"line":10,"column":31},"end":{"line":10,"column":48}},"7":{"start":{"line":14,"column":4},"end":{"line":14,"column":57}},"8":{"start":{"line":19,"column":4},"end":{"line":19,"column":51}},"9":{"start":{"line":24,"column":4},"end":{"line":24,"column":55}},"10":{"start":{"line":29,"column":4},"end":{"line":29,"column":72}},"11":{"start":{"line":34,"column":4},"end":{"line":34,"column":54}},"12":{"start":{"line":9,"column":13},"end":{"line":9,"column":31}},"13":{"start":{"line":13,"column":2},"end":{"line":15,"column":null}},"14":{"start":{"line":18,"column":2},"end":{"line":20,"column":null}},"15":{"start":{"line":23,"column":2},"end":{"line":25,"column":null}},"16":{"start":{"line":28,"column":2},"end":{"line":30,"column":null}},"17":{"start":{"line":33,"column":2},"end":{"line":35,"column":null}},"18":{"start":{"line":9,"column":13},"end":{"line":36,"column":null}}},"fnMap":{"0":{"name":"(anonymous_4)","decl":{"start":{"line":10,"column":2},"end":{"line":10,"column":31}},"loc":{"start":{"line":10,"column":63},"end":{"line":10,"column":67}}},"1":{"name":"(anonymous_5)","decl":{"start":{"line":13,"column":2},"end":{"line":13,"column":8}},"loc":{"start":{"line":13,"column":51},"end":{"line":15,"column":3}}},"2":{"name":"(anonymous_6)","decl":{"start":{"line":18,"column":2},"end":{"line":18,"column":9}},"loc":{"start":{"line":18,"column":48},"end":{"line":20,"column":3}}},"3":{"name":"(anonymous_7)","decl":{"start":{"line":23,"column":2},"end":{"line":23,"column":9}},"loc":{"start":{"line":23,"column":73},"end":{"line":25,"column":3}}},"4":{"name":"(anonymous_8)","decl":{"start":{"line":28,"column":2},"end":{"line":28,"column":8}},"loc":{"start":{"line":28,"column":116},"end":{"line":30,"column":3}}},"5":{"name":"(anonymous_9)","decl":{"start":{"line":33,"column":2},"end":{"line":33,"column":8}},"loc":{"start":{"line":33,"column":72},"end":{"line":35,"column":3}}}},"branchMap":{},"s":{"0":1,"1":1,"2":1,"3":1,"4":1,"5":1,"6":7,"7":2,"8":1,"9":2,"10":1,"11":1,"12":1,"13":1,"14":1,"15":1,"16":1,"17":1,"18":1},"f":{"0":7,"1":2,"2":1,"3":2,"4":1,"5":1},"b":{}}
,"C:\\Users\\gorel\\Documents\\Personales\\sgm\\sgm-monorepo\\apps\\api\\src\\machines\\machines.service.ts": {"path":"C:\\Users\\gorel\\Documents\\Personales\\sgm\\sgm-monorepo\\apps\\api\\src\\machines\\machines.service.ts","statementMap":{"0":{"start":{"line":1,"column":0},"end":{"line":1,"column":63}},"1":{"start":{"line":2,"column":0},"end":{"line":2,"column":47}},"2":{"start":{"line":3,"column":0},"end":{"line":3,"column":33}},"3":{"start":{"line":8,"column":7},"end":{"line":47,"column":null}},"4":{"start":{"line":9,"column":46},"end":{"line":9,"column":60}},"5":{"start":{"line":12,"column":20},"end":{"line":12,"column":68}},"6":{"start":{"line":13,"column":4},"end":{"line":13,"column":30}},"7":{"start":{"line":17,"column":19},"end":{"line":17,"column":49}},"8":{"start":{"line":18,"column":4},"end":{"line":18,"column":56}},"9":{"start":{"line":22,"column":24},"end":{"line":22,"column":35}},"10":{"start":{"line":23,"column":4},"end":{"line":23,"column":48}},"11":{"start":{"line":23,"column":19},"end":{"line":23,"column":48}},"12":{"start":{"line":24,"column":18},"end":{"line":24,"column":71}},"13":{"start":{"line":25,"column":4},"end":{"line":25,"column":65}},"14":{"start":{"line":25,"column":16},"end":{"line":25,"column":65}},"15":{"start":{"line":26,"column":4},"end":{"line":26,"column":17}},"16":{"start":{"line":30,"column":24},"end":{"line":30,"column":35}},"17":{"start":{"line":31,"column":4},"end":{"line":31,"column":48}},"18":{"start":{"line":31,"column":19},"end":{"line":31,"column":48}},"19":{"start":{"line":32,"column":20},"end":{"line":35,"column":13}},"20":{"start":{"line":36,"column":4},"end":{"line":36,"column":67}},"21":{"start":{"line":36,"column":18},"end":{"line":36,"column":67}},"22":{"start":{"line":37,"column":4},"end":{"line":37,"column":19}},"23":{"start":{"line":41,"column":24},"end":{"line":41,"column":35}},"24":{"start":{"line":42,"column":4},"end":{"line":42,"column":48}},"25":{"start":{"line":42,"column":19},"end":{"line":42,"column":48}},"26":{"start":{"line":43,"column":16},"end":{"line":43,"column":78}},"27":{"start":{"line":44,"column":4},"end":{"line":44,"column":63}},"28":{"start":{"line":44,"column":14},"end":{"line":44,"column":63}},"29":{"start":{"line":45,"column":4},"end":{"line":45,"column":15}},"30":{"start":{"line":8,"column":13},"end":{"line":8,"column":28}},"31":{"start":{"line":8,"column":13},"end":{"line":47,"column":null}}},"fnMap":{"0":{"name":"(anonymous_4)","decl":{"start":{"line":9,"column":2},"end":{"line":9,"column":15}},"loc":{"start":{"line":9,"column":70},"end":{"line":9,"column":74}}},"1":{"name":"(anonymous_5)","decl":{"start":{"line":11,"column":2},"end":{"line":11,"column":7}},"loc":{"start":{"line":11,"column":49},"end":{"line":14,"column":3}}},"2":{"name":"(anonymous_6)","decl":{"start":{"line":16,"column":2},"end":{"line":16,"column":7}},"loc":{"start":{"line":16,"column":34},"end":{"line":19,"column":3}}},"3":{"name":"(anonymous_7)","decl":{"start":{"line":21,"column":2},"end":{"line":21,"column":7}},"loc":{"start":{"line":21,"column":46},"end":{"line":27,"column":3}}},"4":{"name":"(anonymous_8)","decl":{"start":{"line":29,"column":2},"end":{"line":29,"column":7}},"loc":{"start":{"line":29,"column":81},"end":{"line":38,"column":3}}},"5":{"name":"(anonymous_9)","decl":{"start":{"line":40,"column":2},"end":{"line":40,"column":7}},"loc":{"start":{"line":40,"column":45},"end":{"line":46,"column":3}}}},"branchMap":{"0":{"loc":{"start":{"line":17,"column":19},"end":{"line":17,"column":49}},"type":"cond-expr","locations":[{"start":{"line":17,"column":31},"end":{"line":17,"column":44}},{"start":{"line":17,"column":47},"end":{"line":17,"column":49}}]},"1":{"loc":{"start":{"line":23,"column":4},"end":{"line":23,"column":48}},"type":"if","locations":[{"start":{"line":23,"column":4},"end":{"line":23,"column":48}}]},"2":{"loc":{"start":{"line":25,"column":4},"end":{"line":25,"column":65}},"type":"if","locations":[{"start":{"line":25,"column":4},"end":{"line":25,"column":65}}]},"3":{"loc":{"start":{"line":31,"column":4},"end":{"line":31,"column":48}},"type":"if","locations":[{"start":{"line":31,"column":4},"end":{"line":31,"column":48}}]},"4":{"loc":{"start":{"line":36,"column":4},"end":{"line":36,"column":67}},"type":"if","locations":[{"start":{"line":36,"column":4},"end":{"line":36,"column":67}}]},"5":{"loc":{"start":{"line":42,"column":4},"end":{"line":42,"column":48}},"type":"if","locations":[{"start":{"line":42,"column":4},"end":{"line":42,"column":48}}]},"6":{"loc":{"start":{"line":44,"column":4},"end":{"line":44,"column":63}},"type":"if","locations":[{"start":{"line":44,"column":4},"end":{"line":44,"column":63}}]}},"s":{"0":2,"1":2,"2":2,"3":2,"4":10,"5":2,"6":1,"7":2,"8":2,"9":3,"10":3,"11":3,"12":3,"13":2,"14":1,"15":1,"16":3,"17":3,"18":3,"19":3,"20":2,"21":1,"22":1,"23":3,"24":3,"25":3,"26":3,"27":2,"28":1,"29":1,"30":2,"31":2},"f":{"0":10,"1":2,"2":2,"3":3,"4":3,"5":3},"b":{"0":[1,1],"1":[3],"2":[1],"3":[3],"4":[1],"5":[3],"6":[1]}}
,"C:\\Users\\gorel\\Documents\\Personales\\sgm\\sgm-monorepo\\apps\\api\\src\\machines\\dto\\create-machine.dto.ts": {"path":"C:\\Users\\gorel\\Documents\\Personales\\sgm\\sgm-monorepo\\apps\\api\\src\\machines\\dto\\create-machine.dto.ts","statementMap":{"0":{"start":{"line":1,"column":0},"end":{"line":1,"column":55}},"1":{"start":{"line":3,"column":0},"end":{"line":3,"column":13}},"2":{"start":{"line":5,"column":2},"end":{"line":5,"column":null}},"3":{"start":{"line":9,"column":2},"end":{"line":9,"column":null}},"4":{"start":{"line":13,"column":2},"end":{"line":13,"column":null}}},"fnMap":{},"branchMap":{},"s":{"0":1,"1":1,"2":1,"3":1,"4":1},"f":{},"b":{}}
,"C:\\Users\\gorel\\Documents\\Personales\\sgm\\sgm-monorepo\\apps\\api\\src\\machines\\dto\\update-machine.dto.ts": {"path":"C:\\Users\\gorel\\Documents\\Personales\\sgm\\sgm-monorepo\\apps\\api\\src\\machines\\dto\\update-machine.dto.ts","statementMap":{"0":{"start":{"line":1,"column":0},"end":{"line":1,"column":51}},"1":{"start":{"line":2,"column":0},"end":{"line":2,"column":56}},"2":{"start":{"line":4,"column":0},"end":{"line":4,"column":13}}},"fnMap":{},"branchMap":{},"s":{"0":1,"1":1,"2":1},"f":{},"b":{}}
}
