TN:
SF:src\auth\auth.service.ts
FN:11,(anonymous_13)
FN:17,(anonymous_14)
FN:36,(anonymous_15)
FN:57,(anonymous_16)
FNF:4
FNH:4
FNDA:4,(anonymous_13)
FNDA:2,(anonymous_14)
FNDA:1,(anonymous_15)
FNDA:1,(anonymous_16)
DA:1,1
DA:2,1
DA:3,1
DA:5,1
DA:6,1
DA:7,1
DA:10,1
DA:12,4
DA:13,4
DA:14,4
DA:18,2
DA:19,2
DA:21,1
DA:24,1
DA:29,1
DA:31,1
DA:33,1
DA:37,1
DA:38,1
DA:39,1
DA:41,1
DA:42,1
DA:44,1
DA:45,1
DA:46,1
DA:47,1
DA:49,1
DA:51,1
DA:53,0
DA:58,1
DA:59,1
DA:61,1
DA:62,1
DA:64,1
DA:66,1
LF:35
LH:34
BRDA:19,0,0,1
BRDA:26,1,0,1
BRDA:26,1,1,1
BRDA:29,2,0,1
BRDA:29,2,1,1
BRDA:38,3,0,1
BRDA:38,3,1,1
BRDA:39,4,0,0
BRDA:39,5,0,1
BRDA:39,5,1,1
BRDA:42,6,0,0
BRDA:59,7,0,0
BRDA:59,8,0,1
BRDA:59,8,1,1
BRDA:62,9,0,0
BRF:15
BRH:11
end_of_record
TN:
SF:src\auth\jwt-auth.guard.ts
FNF:0
FNH:0
DA:1,1
DA:2,1
DA:5,1
LF:3
LH:3
BRF:0
BRH:0
end_of_record
TN:
SF:src\common\mail\mail.service.ts
FN:7,(anonymous_10)
FNF:1
FNH:0
FNDA:0,(anonymous_10)
DA:1,1
DA:2,1
DA:3,1
DA:6,1
DA:8,0
DA:9,0
DA:10,0
DA:11,0
DA:12,0
DA:13,0
DA:14,0
DA:15,0
DA:19,0
DA:22,0
DA:23,0
DA:29,0
DA:30,0
DA:32,0
LF:18
LH:4
BRDA:9,0,0,0
BRDA:13,1,0,0
BRDA:13,1,1,0
BRDA:27,2,0,0
BRDA:27,2,1,0
BRF:5
BRH:0
end_of_record
TN:
SF:src\machines\machines.controller.ts
FN:10,(anonymous_4)
FN:13,(anonymous_5)
FN:18,(anonymous_6)
FN:23,(anonymous_7)
FN:28,(anonymous_8)
FN:33,(anonymous_9)
FNF:6
FNH:6
FNDA:7,(anonymous_4)
FNDA:2,(anonymous_5)
FNDA:1,(anonymous_6)
FNDA:2,(anonymous_7)
FNDA:1,(anonymous_8)
FNDA:1,(anonymous_9)
DA:1,1
DA:2,1
DA:3,1
DA:4,1
DA:5,1
DA:9,1
DA:10,7
DA:13,1
DA:14,2
DA:18,1
DA:19,1
DA:23,1
DA:24,2
DA:28,1
DA:29,1
DA:33,1
DA:34,1
LF:17
LH:17
BRF:0
BRH:0
end_of_record
TN:
SF:src\machines\machines.service.ts
FN:9,(anonymous_4)
FN:11,(anonymous_5)
FN:16,(anonymous_6)
FN:21,(anonymous_7)
FN:29,(anonymous_8)
FN:40,(anonymous_9)
FNF:6
FNH:6
FNDA:10,(anonymous_4)
FNDA:2,(anonymous_5)
FNDA:2,(anonymous_6)
FNDA:3,(anonymous_7)
FNDA:3,(anonymous_8)
FNDA:3,(anonymous_9)
DA:1,2
DA:2,2
DA:3,2
DA:8,2
DA:9,10
DA:12,2
DA:13,1
DA:17,2
DA:18,2
DA:22,3
DA:23,3
DA:24,3
DA:25,2
DA:26,1
DA:30,3
DA:31,3
DA:32,3
DA:36,2
DA:37,1
DA:41,3
DA:42,3
DA:43,3
DA:44,2
DA:45,1
LF:24
LH:24
BRDA:17,0,0,1
BRDA:17,0,1,1
BRDA:23,1,0,3
BRDA:25,2,0,1
BRDA:31,3,0,3
BRDA:36,4,0,1
BRDA:42,5,0,3
BRDA:44,6,0,1
BRF:8
BRH:8
end_of_record
TN:
SF:src\machines\dto\create-machine.dto.ts
FNF:0
FNH:0
DA:1,1
DA:3,1
DA:5,1
DA:9,1
DA:13,1
LF:5
LH:5
BRF:0
BRH:0
end_of_record
TN:
SF:src\machines\dto\update-machine.dto.ts
FNF:0
FNH:0
DA:1,1
DA:2,1
DA:4,1
LF:3
LH:3
BRF:0
BRH:0
end_of_record
